Using pre-set license
Built from '2022.3/release' branch; Version is '2022.3.12f1 (4fe6e059c7ef) revision 5236448'; Using compiler version '192829333'; Build Type 'Release'
OS: 'Windows 11  (10.0.22621) 64bit Core' Language: 'en' Physical Memory: 16068 MB
BatchMode: 1, IsHumanControllingUs: 0, StartBugReporterOnCrash: 0, Is64bit: 1, IsPro: 1

COMMAND LINE ARGUMENTS:
C:\Program Files\Unity\Hub\Editor\2022.3.12f1\Editor\Unity.exe
-adb2
-batchMode
-noUpm
-name
AssetImportWorker0
-projectPath
C:/Users/vlado/Documents/GitHub/Project1/Assets
-logFile
Logs/AssetImportWorker0.log
-srvPort
56790
Successfully changed project path to: C:/Users/vlado/Documents/GitHub/Project1/Assets
C:/Users/vlado/Documents/GitHub/Project1/Assets
[UnityMemory] Configuration Parameters - Can be set up in boot.config
    "memorysetup-bucket-allocator-granularity=16"
    "memorysetup-bucket-allocator-bucket-count=8"
    "memorysetup-bucket-allocator-block-size=33554432"
    "memorysetup-bucket-allocator-block-count=8"
    "memorysetup-main-allocator-block-size=16777216"
    "memorysetup-thread-allocator-block-size=16777216"
    "memorysetup-gfx-main-allocator-block-size=16777216"
    "memorysetup-gfx-thread-allocator-block-size=16777216"
    "memorysetup-cache-allocator-block-size=4194304"
    "memorysetup-typetree-allocator-block-size=2097152"
    "memorysetup-profiler-bucket-allocator-granularity=16"
    "memorysetup-profiler-bucket-allocator-bucket-count=8"
    "memorysetup-profiler-bucket-allocator-block-size=33554432"
    "memorysetup-profiler-bucket-allocator-block-count=8"
    "memorysetup-profiler-allocator-block-size=16777216"
    "memorysetup-profiler-editor-allocator-block-size=1048576"
    "memorysetup-temp-allocator-size-main=16777216"
    "memorysetup-job-temp-allocator-block-size=2097152"
    "memorysetup-job-temp-allocator-block-size-background=1048576"
    "memorysetup-job-temp-allocator-reduction-small-platforms=262144"
    "memorysetup-allocator-temp-initial-block-size-main=262144"
    "memorysetup-allocator-temp-initial-block-size-worker=262144"
    "memorysetup-temp-allocator-size-background-worker=32768"
    "memorysetup-temp-allocator-size-job-worker=262144"
    "memorysetup-temp-allocator-size-preload-manager=33554432"
    "memorysetup-temp-allocator-size-nav-mesh-worker=65536"
    "memorysetup-temp-allocator-size-audio-worker=65536"
    "memorysetup-temp-allocator-size-cloud-worker=32768"
    "memorysetup-temp-allocator-size-gi-baking-worker=262144"
    "memorysetup-temp-allocator-size-gfx=262144"
Player connection [18588] Host "[IP] 10.111.153.174 [Port] 0 [Flags] 2 [Guid] 1131470232 [EditorId] 1131470232 [Version] 1048832 [Id] WindowsEditor(7,N0T4CR4PT0P) [Debug] 1 [PackageName] WindowsEditor [ProjectName] Editor" joined multi-casting on [225.0.0.222:54997]...

Player connection [18588] Host "[IP] 10.111.153.174 [Port] 0 [Flags] 2 [Guid] 1131470232 [EditorId] 1131470232 [Version] 1048832 [Id] WindowsEditor(7,N0T4CR4PT0P) [Debug] 1 [PackageName] WindowsEditor [ProjectName] Editor" joined alternative multi-casting on [225.0.0.222:34997]...

[Physics::Module] Initialized MultithreadedJobDispatcher with 19 workers.
Refreshing native plugins compatible for Editor in 82.95 ms, found 1 plugins.
Preloading 0 native plugins for Editor in 0.00 ms.
Initialize engine version: 2022.3.12f1 (4fe6e059c7ef)
[Subsystems] Discovering subsystems at path C:/Program Files/Unity/Hub/Editor/2022.3.12f1/Editor/Data/Resources/UnitySubsystems
[Subsystems] Discovering subsystems at path C:/Users/vlado/Documents/GitHub/Project1/Assets/Assets
GfxDevice: creating device client; threaded=0; jobified=0
Direct3D:
    Version:  Direct3D 11.0 [level 11.1]
    Renderer: NVIDIA GeForce RTX 3060 Laptop GPU (ID=0x2560)
    Vendor:   NVIDIA
    VRAM:     6010 MB
    Driver:   31.0.15.4601
Initialize mono
Mono path[0] = 'C:/Program Files/Unity/Hub/Editor/2022.3.12f1/Editor/Data/Managed'
Mono path[1] = 'C:/Program Files/Unity/Hub/Editor/2022.3.12f1/Editor/Data/MonoBleedingEdge/lib/mono/unityjit-win32'
Mono config path = 'C:/Program Files/Unity/Hub/Editor/2022.3.12f1/Editor/Data/MonoBleedingEdge/etc'
Using monoOptions --debugger-agent=transport=dt_socket,embedding=1,server=y,suspend=n,address=127.0.0.1:56680
Begin MonoManager ReloadAssembly
Registering precompiled unity dll's ...
Register platform support module: C:/Program Files/Unity/Hub/Editor/2022.3.12f1/Editor/Data/PlaybackEngines/WebGLSupport/UnityEditor.WebGL.Extensions.dll
Register platform support module: C:/Program Files/Unity/Hub/Editor/2022.3.12f1/Editor/Data/PlaybackEngines/WindowsStandaloneSupport/UnityEditor.WindowsStandalone.Extensions.dll
Registered in 0.386869 seconds.
- Loaded All Assemblies, in 11.399 seconds
Native extension for WindowsStandalone target not found
Native extension for WebGL target not found
Mono: successfully reloaded assembly
- Finished resetting the current domain, in  0.258 seconds
Domain Reload Profiling: 11656ms
	BeginReloadAssembly (8349ms)
		ExecutionOrderSort (0ms)
		DisableScriptedObjects (0ms)
		BackupInstance (0ms)
		ReleaseScriptingObjects (0ms)
		CreateAndSetChildDomain (1ms)
	RebuildCommonClasses (762ms)
	RebuildNativeTypeToScriptingClass (9ms)
	initialDomainReloadingComplete (440ms)
	LoadAllAssembliesAndSetupDomain (1838ms)
		LoadAssemblies (8347ms)
		RebuildTransferFunctionScriptingTraits (0ms)
		AnalyzeDomain (1836ms)
			TypeCache.Refresh (1835ms)
				TypeCache.ScanAssembly (1392ms)
			ScanForSourceGeneratedMonoScriptInfo (0ms)
			ResolveRequiredComponents (0ms)
	FinalizeReload (258ms)
		ReleaseScriptCaches (0ms)
		RebuildScriptCaches (0ms)
		SetupLoadedEditorAssemblies (199ms)
			LogAssemblyErrors (0ms)
			InitializePlatformSupportModulesInManaged (8ms)
			SetLoadedEditorAssemblies (7ms)
			RefreshPlugins (0ms)
			BeforeProcessingInitializeOnLoad (2ms)
			ProcessInitializeOnLoadAttributes (119ms)
			ProcessInitializeOnLoadMethodAttributes (64ms)
			AfterProcessingInitializeOnLoad (0ms)
			EditorAssembliesLoaded (0ms)
		ExecutionOrderSort2 (0ms)
		AwakeInstancesAfterBackupRestoration (0ms)
========================================================================
Worker process is ready to serve import requests
Begin MonoManager ReloadAssembly
Unloading broken assembly Library/ScriptAssemblies/Unity.Formats.Fbx.Editor.dll, this assembly can cause crashes in the runtime
- Loaded All Assemblies, in  2.433 seconds
Refreshing native plugins compatible for Editor in 0.82 ms, found 1 plugins.
Native extension for WindowsStandalone target not found
Native extension for WebGL target not found
Mono: successfully reloaded assembly
- Finished resetting the current domain, in  0.343 seconds
Domain Reload Profiling: 2776ms
	BeginReloadAssembly (139ms)
		ExecutionOrderSort (0ms)
		DisableScriptedObjects (5ms)
		BackupInstance (0ms)
		ReleaseScriptingObjects (0ms)
		CreateAndSetChildDomain (22ms)
	RebuildCommonClasses (43ms)
	RebuildNativeTypeToScriptingClass (11ms)
	initialDomainReloadingComplete (18ms)
	LoadAllAssembliesAndSetupDomain (2221ms)
		LoadAssemblies (2275ms)
		RebuildTransferFunctionScriptingTraits (0ms)
		AnalyzeDomain (28ms)
			TypeCache.Refresh (20ms)
				TypeCache.ScanAssembly (14ms)
			ScanForSourceGeneratedMonoScriptInfo (6ms)
			ResolveRequiredComponents (1ms)
	FinalizeReload (344ms)
		ReleaseScriptCaches (0ms)
		RebuildScriptCaches (0ms)
		SetupLoadedEditorAssemblies (210ms)
			LogAssemblyErrors (0ms)
			InitializePlatformSupportModulesInManaged (7ms)
			SetLoadedEditorAssemblies (4ms)
			RefreshPlugins (0ms)
			BeforeProcessingInitializeOnLoad (48ms)
			ProcessInitializeOnLoadAttributes (129ms)
			ProcessInitializeOnLoadMethodAttributes (17ms)
			AfterProcessingInitializeOnLoad (6ms)
			EditorAssembliesLoaded (0ms)
		ExecutionOrderSort2 (0ms)
		AwakeInstancesAfterBackupRestoration (8ms)
Launched and connected shader compiler UnityShaderCompiler.exe after 0.07 seconds
Refreshing native plugins compatible for Editor in 2.45 ms, found 1 plugins.
Preloading 0 native plugins for Editor in 0.00 ms.
Unloading 1266 Unused Serialized files (Serialized files now loaded: 0)
Unloading 27 unused Assets / (1.5 MB). Loaded Objects now: 1726.
Memory consumption went from 101.7 MB to 100.2 MB.
Total: 4.157500 ms (FindLiveObjects: 0.190000 ms CreateObjectMapping: 0.072500 ms MarkObjects: 3.408300 ms  DeleteObjects: 0.484600 ms)

AssetImportParameters requested are different than current active one (requested -> active):
  custom:video-encoder-webm-vp8: eb34c28f22e8b96e1ab97ce403110664 -> 
  custom:video-decoder-webm-vp8: 9c59270c3fd7afecdb556c50c9e8de78 -> 
  custom:audio-decoder-ogg-vorbis: bf7c407c2cedff20999df2af8eb42d56 -> 
  custom:video-decoder-ogg-theora: a1e56fd34408186e4bbccfd4996cb3dc -> 
  custom:audio-encoder-webm-vorbis: bf7c407c2cedff20999df2af8eb42d56 -> 
  custom:SearchIndexIgnoredProperties: e643bd26f0fe6173181afceb89e7c659 -> 
  custom:container-demuxer-ogg: 62fdf1f143b41e24485cea50d1cbac27 -> 
  custom:AudioImporter_EditorPlatform: d09bf68614088b80899f8185d706f6e7 -> 
  custom:framework-win-MediaFoundation: 216162199b28c13a410421893ffa2e32 -> 
  custom:container-demuxer-webm: 4f35f7cbe854078d1ac9338744f61a02 -> 
  custom:container-muxer-webm: aa71ff27fc2769a1b78a27578f13a17b -> 
  custom:video-codec-MediaFoundation-h265: 746d11721c4dcdbdad8f713fa42b33f4 -> 
========================================================================
Received Prepare
Refreshing native plugins compatible for Editor in 0.87 ms, found 1 plugins.
Preloading 0 native plugins for Editor in 0.00 ms.
Unloading 16 Unused Serialized files (Serialized files now loaded: 0)
Unloading 17 unused Assets / (1.4 MB). Loaded Objects now: 1726.
Memory consumption went from 69.5 MB to 68.1 MB.
Total: 3.865600 ms (FindLiveObjects: 0.159300 ms CreateObjectMapping: 0.066100 ms MarkObjects: 3.055200 ms  DeleteObjects: 0.583300 ms)

Prepare: number of updated asset objects reloaded= 0
AssetImportParameters requested are different than current active one (requested -> active):
  custom:video-encoder-webm-vp8: eb34c28f22e8b96e1ab97ce403110664 -> 
  custom:video-decoder-webm-vp8: 9c59270c3fd7afecdb556c50c9e8de78 -> 
  custom:audio-decoder-ogg-vorbis: bf7c407c2cedff20999df2af8eb42d56 -> 
  custom:video-decoder-ogg-theora: a1e56fd34408186e4bbccfd4996cb3dc -> 
  custom:audio-encoder-webm-vorbis: bf7c407c2cedff20999df2af8eb42d56 -> 
  custom:SearchIndexIgnoredProperties: e643bd26f0fe6173181afceb89e7c659 -> 
  custom:container-demuxer-ogg: 62fdf1f143b41e24485cea50d1cbac27 -> 
  custom:AudioImporter_EditorPlatform: d09bf68614088b80899f8185d706f6e7 -> 
  custom:CustomObjectIndexerAttribute: 756ad292c208cfabdd7b50bc23989ffe -> 
  custom:framework-win-MediaFoundation: 216162199b28c13a410421893ffa2e32 -> 
  custom:container-demuxer-webm: 4f35f7cbe854078d1ac9338744f61a02 -> 
  custom:container-muxer-webm: aa71ff27fc2769a1b78a27578f13a17b -> 
  custom:video-codec-MediaFoundation-h265: 746d11721c4dcdbdad8f713fa42b33f4 -> 
========================================================================
Received Import Request.
  Time since last request: 2059584.482730 seconds.
  path: Assets/polyperfect/Poly Halloween/- Prefabs/Halloween/book-evil-open.prefab
  artifactKey: Guid(df9d3a724209f5946aa73accb4fc07fd) Importer(815301076,1909f56bfc062723c751e8b465ee728b)
Start importing Assets/polyperfect/Poly Halloween/- Prefabs/Halloween/book-evil-open.prefab using Guid(df9d3a724209f5946aa73accb4fc07fd) Importer(815301076,1909f56bfc062723c751e8b465ee728b)  -> (artifact id: '3990c3f2a2d39260c5391f51e79910d7') in 0.281782 seconds
Number of updated asset objects reloaded before import = 0
Number of asset objects unloaded after import = 13
========================================================================
Received Import Request.
  Time since last request: 0.000048 seconds.
  path: Assets/polyperfect/Poly Halloween/- Prefabs/Halloween/candy-stick.prefab
  artifactKey: Guid(7af4f0a4609974949a9a0ee588dd2f57) Importer(815301076,1909f56bfc062723c751e8b465ee728b)
Start importing Assets/polyperfect/Poly Halloween/- Prefabs/Halloween/candy-stick.prefab using Guid(7af4f0a4609974949a9a0ee588dd2f57) Importer(815301076,1909f56bfc062723c751e8b465ee728b)  -> (artifact id: 'a171be43fcc1ad2a1958d22506b309f1') in 0.064773 seconds
Number of updated asset objects reloaded before import = 0
Number of asset objects unloaded after import = 12
========================================================================
Received Import Request.
  Time since last request: 0.000024 seconds.
  path: Assets/polyperfect/Poly Halloween/- Prefabs/Halloween/cauldron-potion-empty.prefab
  artifactKey: Guid(fe6bb0e66688f734a9e4cc5bfb502051) Importer(815301076,1909f56bfc062723c751e8b465ee728b)
Start importing Assets/polyperfect/Poly Halloween/- Prefabs/Halloween/cauldron-potion-empty.prefab using Guid(fe6bb0e66688f734a9e4cc5bfb502051) Importer(815301076,1909f56bfc062723c751e8b465ee728b)  -> (artifact id: '4b369c964ce3610125516dd2d504baf2') in 0.052069 seconds
Number of updated asset objects reloaded before import = 0
Number of asset objects unloaded after import = 12
========================================================================
Received Import Request.
  Time since last request: 0.000024 seconds.
  path: Assets/polyperfect/Poly Halloween/- Prefabs/Halloween/cauldron-potion-full.prefab
  artifactKey: Guid(6727fc23ce9109444b62e6392293a7a5) Importer(815301076,1909f56bfc062723c751e8b465ee728b)
Start importing Assets/polyperfect/Poly Halloween/- Prefabs/Halloween/cauldron-potion-full.prefab using Guid(6727fc23ce9109444b62e6392293a7a5) Importer(815301076,1909f56bfc062723c751e8b465ee728b)  -> (artifact id: '6dc92cbed2e00ffca936f6719744f2fc') in 0.050806 seconds
Number of updated asset objects reloaded before import = 0
Number of asset objects unloaded after import = 12
========================================================================
Received Import Request.
  Time since last request: 0.000023 seconds.
  path: Assets/polyperfect/Poly Halloween/- Prefabs/Halloween/guillotine.prefab
  artifactKey: Guid(a1693ae0c46d27742a69379223ec91e0) Importer(815301076,1909f56bfc062723c751e8b465ee728b)
Start importing Assets/polyperfect/Poly Halloween/- Prefabs/Halloween/guillotine.prefab using Guid(a1693ae0c46d27742a69379223ec91e0) Importer(815301076,1909f56bfc062723c751e8b465ee728b)  -> (artifact id: '02fb7828a6e7891fa8a274c8b07dafde') in 0.046274 seconds
Number of updated asset objects reloaded before import = 0
Number of asset objects unloaded after import = 12
========================================================================
Received Import Request.
  Time since last request: 0.000022 seconds.
  path: Assets/polyperfect/Poly Halloween/- Prefabs/Halloween/gravestone-old-classic-cross.prefab
  artifactKey: Guid(de2d09b271cfb144ab19747dc1626af1) Importer(815301076,1909f56bfc062723c751e8b465ee728b)
Start importing Assets/polyperfect/Poly Halloween/- Prefabs/Halloween/gravestone-old-classic-cross.prefab using Guid(de2d09b271cfb144ab19747dc1626af1) Importer(815301076,1909f56bfc062723c751e8b465ee728b)  -> (artifact id: '7409294e890a31fb4d0bc5b34ac05408') in 0.052473 seconds
Number of updated asset objects reloaded before import = 0
Number of asset objects unloaded after import = 12
========================================================================
Received Import Request.
  Time since last request: 0.000020 seconds.
  path: Assets/polyperfect/Poly Halloween/- Prefabs/Halloween/candle-finger-holder-lit.prefab
  artifactKey: Guid(c85864aae28330e49ae362ef6709cfa0) Importer(815301076,1909f56bfc062723c751e8b465ee728b)
Start importing Assets/polyperfect/Poly Halloween/- Prefabs/Halloween/candle-finger-holder-lit.prefab using Guid(c85864aae28330e49ae362ef6709cfa0) Importer(815301076,1909f56bfc062723c751e8b465ee728b)  -> (artifact id: '9fd28b6248e4ca9340a0964bb24cf5cf') in 0.039120 seconds
Number of updated asset objects reloaded before import = 0
Number of asset objects unloaded after import = 12
========================================================================
Received Import Request.
  Time since last request: 9.857255 seconds.
  path: Assets/polyperfect/Poly Halloween/- Prefabs/Halloween/lanterns-on-string-2m.prefab
  artifactKey: Guid(1ba68f217daf810458ec5dc2f7c131bf) Importer(815301076,1909f56bfc062723c751e8b465ee728b)
Start importing Assets/polyperfect/Poly Halloween/- Prefabs/Halloween/lanterns-on-string-2m.prefab using Guid(1ba68f217daf810458ec5dc2f7c131bf) Importer(815301076,1909f56bfc062723c751e8b465ee728b)  -> (artifact id: '106b9c59bc0500edbc52b27692a5426c') in 0.058343 seconds
Number of updated asset objects reloaded before import = 0
Number of asset objects unloaded after import = 11
========================================================================
Received Import Request.
  Time since last request: 0.000019 seconds.
  path: Assets/polyperfect/Poly Halloween/- Prefabs/Halloween/lollipop-flat-a.prefab
  artifactKey: Guid(235453bd5573550408d145c0b6db75dc) Importer(815301076,1909f56bfc062723c751e8b465ee728b)
Start importing Assets/polyperfect/Poly Halloween/- Prefabs/Halloween/lollipop-flat-a.prefab using Guid(235453bd5573550408d145c0b6db75dc) Importer(815301076,1909f56bfc062723c751e8b465ee728b)  -> (artifact id: '3738aff06ffe21c3ac32ba1d865bdb15') in 0.030870 seconds
Number of updated asset objects reloaded before import = 0
Number of asset objects unloaded after import = 12
========================================================================
Received Import Request.
  Time since last request: 0.343864 seconds.
  path: Assets/polyperfect/Poly Halloween/- Prefabs/Halloween/mushroom-magical-amanita-baby.prefab
  artifactKey: Guid(33fd26760d9e0744882bcc652ba86ae0) Importer(815301076,1909f56bfc062723c751e8b465ee728b)
Start importing Assets/polyperfect/Poly Halloween/- Prefabs/Halloween/mushroom-magical-amanita-baby.prefab using Guid(33fd26760d9e0744882bcc652ba86ae0) Importer(815301076,1909f56bfc062723c751e8b465ee728b)  -> (artifact id: '8b128d8714a80612f18cb82f13f9500b') in 0.036963 seconds
Number of updated asset objects reloaded before import = 0
Number of asset objects unloaded after import = 12
========================================================================
Received Import Request.
  Time since last request: 0.000020 seconds.
  path: Assets/polyperfect/Poly Halloween/- Prefabs/Halloween/mushroom-magical-champignon-b.prefab
  artifactKey: Guid(fffba91942c50aa4a8e8455edade1bfd) Importer(815301076,1909f56bfc062723c751e8b465ee728b)
Start importing Assets/polyperfect/Poly Halloween/- Prefabs/Halloween/mushroom-magical-champignon-b.prefab using Guid(fffba91942c50aa4a8e8455edade1bfd) Importer(815301076,1909f56bfc062723c751e8b465ee728b)  -> (artifact id: 'd63d9bbce29f6378f1068493292179c2') in 0.033010 seconds
Number of updated asset objects reloaded before import = 0
Number of asset objects unloaded after import = 12
========================================================================
Received Import Request.
  Time since last request: 0.358312 seconds.
  path: Assets/polyperfect/Poly Halloween/- Prefabs/Halloween/pumpkin-candy.prefab
  artifactKey: Guid(8aa9f0eeaf116a8469f8cda342757ddb) Importer(815301076,1909f56bfc062723c751e8b465ee728b)
Start importing Assets/polyperfect/Poly Halloween/- Prefabs/Halloween/pumpkin-candy.prefab using Guid(8aa9f0eeaf116a8469f8cda342757ddb) Importer(815301076,1909f56bfc062723c751e8b465ee728b)  -> (artifact id: '7a091b09dfab969537ea8697e491c8a6') in 0.032790 seconds
Number of updated asset objects reloaded before import = 0
Number of asset objects unloaded after import = 12
========================================================================
Received Import Request.
  Time since last request: 0.000026 seconds.
  path: Assets/polyperfect/Poly Halloween/- Prefabs/Halloween/pumpkin-carved-lit-a.prefab
  artifactKey: Guid(81a373bf062c567419256ed415c47f4b) Importer(815301076,1909f56bfc062723c751e8b465ee728b)
Start importing Assets/polyperfect/Poly Halloween/- Prefabs/Halloween/pumpkin-carved-lit-a.prefab using Guid(81a373bf062c567419256ed415c47f4b) Importer(815301076,1909f56bfc062723c751e8b465ee728b)  -> (artifact id: 'c4fcdc1aa9dac9ce17363f4e1b196c0b') in 0.025056 seconds
Number of updated asset objects reloaded before import = 0
Number of asset objects unloaded after import = 12
========================================================================
Received Import Request.
  Time since last request: 10.601937 seconds.
  path: Assets/polyperfect/Poly Halloween/- Prefabs/Halloween/scarecrow-a.prefab
  artifactKey: Guid(6466f21c32f0b664d8f3c4d04a087c49) Importer(815301076,1909f56bfc062723c751e8b465ee728b)
Start importing Assets/polyperfect/Poly Halloween/- Prefabs/Halloween/scarecrow-a.prefab using Guid(6466f21c32f0b664d8f3c4d04a087c49) Importer(815301076,1909f56bfc062723c751e8b465ee728b)  -> (artifact id: 'c62718ed7f55c4adb6fd77afe2fae2cd') in 0.040629 seconds
Number of updated asset objects reloaded before import = 0
Number of asset objects unloaded after import = 12
========================================================================
Received Import Request.
  Time since last request: 0.038822 seconds.
  path: Assets/polyperfect/Poly Halloween/- Prefabs/Halloween/string-of-flags-5m.prefab
  artifactKey: Guid(e599aac102f3b92438c6de45169052e4) Importer(815301076,1909f56bfc062723c751e8b465ee728b)
Start importing Assets/polyperfect/Poly Halloween/- Prefabs/Halloween/string-of-flags-5m.prefab using Guid(e599aac102f3b92438c6de45169052e4) Importer(815301076,1909f56bfc062723c751e8b465ee728b)  -> (artifact id: 'c639a88bd7e92e0611a2e3562e871e12') in 0.036164 seconds
Number of updated asset objects reloaded before import = 0
Number of asset objects unloaded after import = 11
========================================================================
Received Import Request.
  Time since last request: 0.019712 seconds.
  path: Assets/polyperfect/Poly Halloween/- Prefabs/Halloween/wall-graveyard-3m.prefab
  artifactKey: Guid(cec545ae7bcbbd64fa91a5e881fef7d0) Importer(815301076,1909f56bfc062723c751e8b465ee728b)
Start importing Assets/polyperfect/Poly Halloween/- Prefabs/Halloween/wall-graveyard-3m.prefab using Guid(cec545ae7bcbbd64fa91a5e881fef7d0) Importer(815301076,1909f56bfc062723c751e8b465ee728b)  -> (artifact id: '3b649b70a262fc14e58eb826337bded5') in 0.030784 seconds
Number of updated asset objects reloaded before import = 0
Number of asset objects unloaded after import = 12
========================================================================
Received Import Request.
  Time since last request: 0.000019 seconds.
  path: Assets/polyperfect/Poly Halloween/- Prefabs/Halloween/witch-hat.prefab
  artifactKey: Guid(b9599586d827bb44ab2627d1bc2a9c9a) Importer(815301076,1909f56bfc062723c751e8b465ee728b)
Start importing Assets/polyperfect/Poly Halloween/- Prefabs/Halloween/witch-hat.prefab using Guid(b9599586d827bb44ab2627d1bc2a9c9a) Importer(815301076,1909f56bfc062723c751e8b465ee728b)  -> (artifact id: '12923fea2b88649f0d4ba3330bcdb9d6') in 0.033287 seconds
Number of updated asset objects reloaded before import = 0
Number of asset objects unloaded after import = 11
========================================================================
Received Import Request.
  Time since last request: 3.428020 seconds.
  path: Assets/WoodsLifestyle/Models/Props/Furniture/BedSingle_01.fbx
  artifactKey: Guid(67db6c5b46da9ab41bb4dc86d034f942) Importer(815301076,1909f56bfc062723c751e8b465ee728b)
Start importing Assets/WoodsLifestyle/Models/Props/Furniture/BedSingle_01.fbx using Guid(67db6c5b46da9ab41bb4dc86d034f942) Importer(815301076,1909f56bfc062723c751e8b465ee728b)  -> (artifact id: '57a02c3720ee2035da5fbf29fc9f44a2') in 0.095523 seconds
Number of updated asset objects reloaded before import = 0
Number of asset objects unloaded after import = 9
========================================================================
Received Import Request.
  Time since last request: 0.000027 seconds.
  path: Assets/WoodsLifestyle/Models/Props/Interior/Book_02_a.fbx
  artifactKey: Guid(afa24582f04f08240819d0d04afe12a5) Importer(815301076,1909f56bfc062723c751e8b465ee728b)
Start importing Assets/WoodsLifestyle/Models/Props/Interior/Book_02_a.fbx using Guid(afa24582f04f08240819d0d04afe12a5) Importer(815301076,1909f56bfc062723c751e8b465ee728b)  -> (artifact id: '3fb0be2539a269e4da8063d93cbe5adc') in 0.022934 seconds
Number of updated asset objects reloaded before import = 0
Number of asset objects unloaded after import = 9
========================================================================
Received Import Request.
  Time since last request: 0.000132 seconds.
  path: Assets/WoodsLifestyle/Models/Props/Furniture/BookShelf_01.fbx
  artifactKey: Guid(233c96e48eb84074a86b9a4d8e32b9d8) Importer(815301076,1909f56bfc062723c751e8b465ee728b)
Start importing Assets/WoodsLifestyle/Models/Props/Furniture/BookShelf_01.fbx using Guid(233c96e48eb84074a86b9a4d8e32b9d8) Importer(815301076,1909f56bfc062723c751e8b465ee728b)  -> (artifact id: '23b63b0af9d21897d25efd3754a4c18f') in 0.027101 seconds
Number of updated asset objects reloaded before import = 0
Number of asset objects unloaded after import = 9
========================================================================
Received Import Request.
  Time since last request: 0.000016 seconds.
  path: Assets/WoodsLifestyle/Models/Props/General/Box_01_b.fbx
  artifactKey: Guid(13716612f57c2554e852a72522eb5601) Importer(815301076,1909f56bfc062723c751e8b465ee728b)
Start importing Assets/WoodsLifestyle/Models/Props/General/Box_01_b.fbx using Guid(13716612f57c2554e852a72522eb5601) Importer(815301076,1909f56bfc062723c751e8b465ee728b)  -> (artifact id: '21e2544122efe86155b8fd818dad5eb6') in 0.023841 seconds
Number of updated asset objects reloaded before import = 0
Number of asset objects unloaded after import = 9
========================================================================
Received Import Request.
  Time since last request: 0.000062 seconds.
  path: Assets/WoodsLifestyle/Models/Props/General/BucketSand.fbx
  artifactKey: Guid(1cc05cf45c251ef4a9841b092c4d79b5) Importer(815301076,1909f56bfc062723c751e8b465ee728b)
Start importing Assets/WoodsLifestyle/Models/Props/General/BucketSand.fbx using Guid(1cc05cf45c251ef4a9841b092c4d79b5) Importer(815301076,1909f56bfc062723c751e8b465ee728b)  -> (artifact id: '32b01929c0ab8d42e019b83bfb6d949c') in 0.033608 seconds
Number of updated asset objects reloaded before import = 0
Number of asset objects unloaded after import = 9
========================================================================
Received Import Request.
  Time since last request: 0.000019 seconds.
  path: Assets/WoodsLifestyle/Models/Props/Interior/BookOpen_01_a.fbx
  artifactKey: Guid(baabff32f1242d140a81a11286c51a29) Importer(815301076,1909f56bfc062723c751e8b465ee728b)
Start importing Assets/WoodsLifestyle/Models/Props/Interior/BookOpen_01_a.fbx using Guid(baabff32f1242d140a81a11286c51a29) Importer(815301076,1909f56bfc062723c751e8b465ee728b)  -> (artifact id: '825b769c00fa230d7ac95b6c27a053b5') in 0.029796 seconds
Number of updated asset objects reloaded before import = 0
Number of asset objects unloaded after import = 9
========================================================================
Received Import Request.
  Time since last request: 1.063330 seconds.
  path: Assets/WoodsLifestyle/Models/Props/Interior/Candle_02_a.fbx
  artifactKey: Guid(324da3b8157a35244b342b0c1d0a2d54) Importer(815301076,1909f56bfc062723c751e8b465ee728b)
Start importing Assets/WoodsLifestyle/Models/Props/Interior/Candle_02_a.fbx using Guid(324da3b8157a35244b342b0c1d0a2d54) Importer(815301076,1909f56bfc062723c751e8b465ee728b)  -> (artifact id: '89592c7bcee8e8dff209f6ca5ed01916') in 0.020981 seconds
Number of updated asset objects reloaded before import = 0
Number of asset objects unloaded after import = 9
========================================================================
Received Import Request.
  Time since last request: 0.005107 seconds.
  path: Assets/WoodsLifestyle/Models/Props/Interior/Candle_03_b.fbx
  artifactKey: Guid(5cb7960bb9111b849b0f2ee026f127da) Importer(815301076,1909f56bfc062723c751e8b465ee728b)
Start importing Assets/WoodsLifestyle/Models/Props/Interior/Candle_03_b.fbx using Guid(5cb7960bb9111b849b0f2ee026f127da) Importer(815301076,1909f56bfc062723c751e8b465ee728b)  -> (artifact id: '8ef7ba0005061979fe8b75246913491a') in 0.030662 seconds
Number of updated asset objects reloaded before import = 0
Number of asset objects unloaded after import = 9
========================================================================
Received Import Request.
  Time since last request: 0.362216 seconds.
  path: Assets/WoodsLifestyle/Models/Cabins/Floors/DeckFloor_01.fbx
  artifactKey: Guid(a0627e1c173097f439a5f3073c5f7f27) Importer(815301076,1909f56bfc062723c751e8b465ee728b)
Start importing Assets/WoodsLifestyle/Models/Cabins/Floors/DeckFloor_01.fbx using Guid(a0627e1c173097f439a5f3073c5f7f27) Importer(815301076,1909f56bfc062723c751e8b465ee728b)  -> (artifact id: '02eaea0d0d02e563d11d1c0c6855debe') in 0.032947 seconds
Number of updated asset objects reloaded before import = 0
Number of asset objects unloaded after import = 9
========================================================================
Received Import Request.
  Time since last request: 0.382993 seconds.
  path: Assets/WoodsLifestyle/Models/Logs_Wood/FireWood_01.fbx
  artifactKey: Guid(bb47b2717c7c4874786ddfa976e2d091) Importer(815301076,1909f56bfc062723c751e8b465ee728b)
Start importing Assets/WoodsLifestyle/Models/Logs_Wood/FireWood_01.fbx using Guid(bb47b2717c7c4874786ddfa976e2d091) Importer(815301076,1909f56bfc062723c751e8b465ee728b)  -> (artifact id: '2736293095e8976d6955d4ba987f1772') in 0.021937 seconds
Number of updated asset objects reloaded before import = 0
Number of asset objects unloaded after import = 9
========================================================================
Received Import Request.
  Time since last request: 0.506256 seconds.
  path: Assets/WoodsLifestyle/Models/Props/Interior/Lamp_01_b.fbx
  artifactKey: Guid(de0b047cd0dabf84f9dfa505bfa0b1bf) Importer(815301076,1909f56bfc062723c751e8b465ee728b)
Start importing Assets/WoodsLifestyle/Models/Props/Interior/Lamp_01_b.fbx using Guid(de0b047cd0dabf84f9dfa505bfa0b1bf) Importer(815301076,1909f56bfc062723c751e8b465ee728b)  -> (artifact id: '0224481a4374465baa27cc9801489c1b') in 0.023247 seconds
Number of updated asset objects reloaded before import = 0
Number of asset objects unloaded after import = 9
========================================================================
Received Import Request.
  Time since last request: 0.373162 seconds.
  path: Assets/WoodsLifestyle/Models/Logs_Wood/LogHeap_01_a.fbx
  artifactKey: Guid(76b05828dbaaacc48bc2fdc16213fb4c) Importer(815301076,1909f56bfc062723c751e8b465ee728b)
Start importing Assets/WoodsLifestyle/Models/Logs_Wood/LogHeap_01_a.fbx using Guid(76b05828dbaaacc48bc2fdc16213fb4c) Importer(815301076,1909f56bfc062723c751e8b465ee728b)  -> (artifact id: 'f33b646093163ad357a9236b9baa2461') in 0.023339 seconds
Number of updated asset objects reloaded before import = 0
Number of asset objects unloaded after import = 9
========================================================================
Received Import Request.
  Time since last request: 1.517029 seconds.
  path: Assets/WoodsLifestyle/Models/Rocks/Rock_01_c.fbx
  artifactKey: Guid(a0253a1584d93fb45aedef31c1782fea) Importer(815301076,1909f56bfc062723c751e8b465ee728b)
Start importing Assets/WoodsLifestyle/Models/Rocks/Rock_01_c.fbx using Guid(a0253a1584d93fb45aedef31c1782fea) Importer(815301076,1909f56bfc062723c751e8b465ee728b)  -> (artifact id: '278bf35a7cf2f230e57cee8fee20c57e') in 0.035056 seconds
Number of updated asset objects reloaded before import = 0
Number of asset objects unloaded after import = 9
========================================================================
Received Import Request.
  Time since last request: 0.049256 seconds.
  path: Assets/WoodsLifestyle/Models/Rocks/Rock_02_b.fbx
  artifactKey: Guid(83f83f83c309b554394085851b06f2b5) Importer(815301076,1909f56bfc062723c751e8b465ee728b)
Start importing Assets/WoodsLifestyle/Models/Rocks/Rock_02_b.fbx using Guid(83f83f83c309b554394085851b06f2b5) Importer(815301076,1909f56bfc062723c751e8b465ee728b)  -> (artifact id: 'cd1088bab9a8e969d9d0b2e06e5c5387') in 0.018941 seconds
Number of updated asset objects reloaded before import = 0
Number of asset objects unloaded after import = 9
========================================================================
Received Import Request.
  Time since last request: 0.006743 seconds.
  path: Assets/WoodsLifestyle/Models/Rocks/Rock_03_b.fbx
  artifactKey: Guid(705b3a06e14f51c4eba4aac6cfd8a06f) Importer(815301076,1909f56bfc062723c751e8b465ee728b)
Start importing Assets/WoodsLifestyle/Models/Rocks/Rock_03_b.fbx using Guid(705b3a06e14f51c4eba4aac6cfd8a06f) Importer(815301076,1909f56bfc062723c751e8b465ee728b)  -> (artifact id: '9fa266ee1756a323a26e992d12ad2b22') in 0.029489 seconds
Number of updated asset objects reloaded before import = 0
Number of asset objects unloaded after import = 9
========================================================================
Received Import Request.
  Time since last request: 0.313983 seconds.
  path: Assets/WoodsLifestyle/Models/Rocks/RockBarrier_01_b.fbx
  artifactKey: Guid(a0689f0bb99dd8b4fb033e9056efade0) Importer(815301076,1909f56bfc062723c751e8b465ee728b)
Start importing Assets/WoodsLifestyle/Models/Rocks/RockBarrier_01_b.fbx using Guid(a0689f0bb99dd8b4fb033e9056efade0) Importer(815301076,1909f56bfc062723c751e8b465ee728b)  -> (artifact id: 'f1029dc432d51868972059f136373778') in 0.023766 seconds
Number of updated asset objects reloaded before import = 0
Number of asset objects unloaded after import = 9
========================================================================
Received Import Request.
  Time since last request: 0.406012 seconds.
  path: Assets/WoodsLifestyle/Models/Props/Exterior/SignPost_01_b.fbx
  artifactKey: Guid(e24137c34cfa21a4bb997f23aca272a1) Importer(815301076,1909f56bfc062723c751e8b465ee728b)
Start importing Assets/WoodsLifestyle/Models/Props/Exterior/SignPost_01_b.fbx using Guid(e24137c34cfa21a4bb997f23aca272a1) Importer(815301076,1909f56bfc062723c751e8b465ee728b)  -> (artifact id: '900f7b61d739d75b09c562eab3ff67d4') in 0.021211 seconds
Number of updated asset objects reloaded before import = 0
Number of asset objects unloaded after import = 9
========================================================================
Received Import Request.
  Time since last request: 0.004003 seconds.
  path: Assets/WoodsLifestyle/Models/Props/Exterior/Stand_03_a.fbx
  artifactKey: Guid(dfbb61c98a77f8644a7015970fd8f4c0) Importer(815301076,1909f56bfc062723c751e8b465ee728b)
Start importing Assets/WoodsLifestyle/Models/Props/Exterior/Stand_03_a.fbx using Guid(dfbb61c98a77f8644a7015970fd8f4c0) Importer(815301076,1909f56bfc062723c751e8b465ee728b)  -> (artifact id: 'bcc3479007844411b9fc2c64f252b1cd') in 0.029248 seconds
Number of updated asset objects reloaded before import = 0
Number of asset objects unloaded after import = 9
========================================================================
Received Import Request.
  Time since last request: 0.437305 seconds.
  path: Assets/WoodsLifestyle/Models/Props/Furniture/Table_01_b.fbx
  artifactKey: Guid(11f54cf6386c0ab4cb11f9d2b484a8a1) Importer(815301076,1909f56bfc062723c751e8b465ee728b)
Start importing Assets/WoodsLifestyle/Models/Props/Furniture/Table_01_b.fbx using Guid(11f54cf6386c0ab4cb11f9d2b484a8a1) Importer(815301076,1909f56bfc062723c751e8b465ee728b)  -> (artifact id: 'efceb59e56b3c527fb2bc67f0c9beb80') in 0.025782 seconds
Number of updated asset objects reloaded before import = 0
Number of asset objects unloaded after import = 9
========================================================================
Received Import Request.
  Time since last request: 0.020569 seconds.
  path: Assets/WoodsLifestyle/Models/Props/Furniture/Table_03.fbx
  artifactKey: Guid(547596d8e90fbca449aa0430f7f80941) Importer(815301076,1909f56bfc062723c751e8b465ee728b)
Start importing Assets/WoodsLifestyle/Models/Props/Furniture/Table_03.fbx using Guid(547596d8e90fbca449aa0430f7f80941) Importer(815301076,1909f56bfc062723c751e8b465ee728b)  -> (artifact id: 'ad221fd2e25abb191a02779b5535a375') in 0.019556 seconds
Number of updated asset objects reloaded before import = 0
Number of asset objects unloaded after import = 9
========================================================================
Received Import Request.
  Time since last request: 0.890979 seconds.
  path: Assets/WoodsLifestyle/Models/Props/Interior/WallLight_02.fbx
  artifactKey: Guid(56cfb45452052b94da3586836eb64dff) Importer(815301076,1909f56bfc062723c751e8b465ee728b)
Start importing Assets/WoodsLifestyle/Models/Props/Interior/WallLight_02.fbx using Guid(56cfb45452052b94da3586836eb64dff) Importer(815301076,1909f56bfc062723c751e8b465ee728b)  -> (artifact id: '243287cc30eaa45b1ca711214ac8f3f5') in 0.025271 seconds
Number of updated asset objects reloaded before import = 0
Number of asset objects unloaded after import = 9
========================================================================
Received Import Request.
  Time since last request: 0.005445 seconds.
  path: Assets/WoodsLifestyle/Models/Props/WaterTowers/WaterTenk_02.fbx
  artifactKey: Guid(cfb69dd792989474b95397840a0f78cd) Importer(815301076,1909f56bfc062723c751e8b465ee728b)
Start importing Assets/WoodsLifestyle/Models/Props/WaterTowers/WaterTenk_02.fbx using Guid(cfb69dd792989474b95397840a0f78cd) Importer(815301076,1909f56bfc062723c751e8b465ee728b)  -> (artifact id: 'd6d594e94dc938ef42c7da7be06d28d7') in 0.020943 seconds
Number of updated asset objects reloaded before import = 0
Number of asset objects unloaded after import = 9
Editor requested this worker to shutdown with reason: Scaling down because of idle timeout
TcpMessagingSession - receive error: operation aborted. errorcode: 995, details: The I/O operation has been aborted because of either a thread exit or an application request.
AssetImportWorker is now disconnected from the server
Process exiting
Exiting without the bug reporter. Application will terminate with return code 0