Using pre-set license
Built from '2022.3/release' branch; Version is '2022.3.12f1 (4fe6e059c7ef) revision 5236448'; Using compiler version '192829333'; Build Type 'Release'
OS: 'Windows 11  (10.0.22621) 64bit Core' Language: 'en' Physical Memory: 16068 MB
BatchMode: 1, IsHumanControllingUs: 0, StartBugReporterOnCrash: 0, Is64bit: 1, IsPro: 1

COMMAND LINE ARGUMENTS:
C:\Program Files\Unity\Hub\Editor\2022.3.12f1\Editor\Unity.exe
-adb2
-batchMode
-noUpm
-name
AssetImportWorker1
-projectPath
C:/Users/vlado/Documents/GitHub/Project1/Assets
-logFile
Logs/AssetImportWorker1.log
-srvPort
56790
Successfully changed project path to: C:/Users/vlado/Documents/GitHub/Project1/Assets
C:/Users/vlado/Documents/GitHub/Project1/Assets
[UnityMemory] Configuration Parameters - Can be set up in boot.config
    "memorysetup-bucket-allocator-granularity=16"
    "memorysetup-bucket-allocator-bucket-count=8"
    "memorysetup-bucket-allocator-block-size=33554432"
    "memorysetup-bucket-allocator-block-count=8"
    "memorysetup-main-allocator-block-size=16777216"
    "memorysetup-thread-allocator-block-size=16777216"
    "memorysetup-gfx-main-allocator-block-size=16777216"
    "memorysetup-gfx-thread-allocator-block-size=16777216"
    "memorysetup-cache-allocator-block-size=4194304"
    "memorysetup-typetree-allocator-block-size=2097152"
    "memorysetup-profiler-bucket-allocator-granularity=16"
    "memorysetup-profiler-bucket-allocator-bucket-count=8"
    "memorysetup-profiler-bucket-allocator-block-size=33554432"
    "memorysetup-profiler-bucket-allocator-block-count=8"
    "memorysetup-profiler-allocator-block-size=16777216"
    "memorysetup-profiler-editor-allocator-block-size=1048576"
    "memorysetup-temp-allocator-size-main=16777216"
    "memorysetup-job-temp-allocator-block-size=2097152"
    "memorysetup-job-temp-allocator-block-size-background=1048576"
    "memorysetup-job-temp-allocator-reduction-small-platforms=262144"
    "memorysetup-allocator-temp-initial-block-size-main=262144"
    "memorysetup-allocator-temp-initial-block-size-worker=262144"
    "memorysetup-temp-allocator-size-background-worker=32768"
    "memorysetup-temp-allocator-size-job-worker=262144"
    "memorysetup-temp-allocator-size-preload-manager=33554432"
    "memorysetup-temp-allocator-size-nav-mesh-worker=65536"
    "memorysetup-temp-allocator-size-audio-worker=65536"
    "memorysetup-temp-allocator-size-cloud-worker=32768"
    "memorysetup-temp-allocator-size-gi-baking-worker=262144"
    "memorysetup-temp-allocator-size-gfx=262144"
Player connection [21000] Host "[IP] 10.111.153.174 [Port] 0 [Flags] 2 [Guid] 4218684889 [EditorId] 4218684889 [Version] 1048832 [Id] WindowsEditor(7,N0T4CR4PT0P) [Debug] 1 [PackageName] WindowsEditor [ProjectName] Editor" joined multi-casting on [225.0.0.222:54997]...

Player connection [21000] Host "[IP] 10.111.153.174 [Port] 0 [Flags] 2 [Guid] 4218684889 [EditorId] 4218684889 [Version] 1048832 [Id] WindowsEditor(7,N0T4CR4PT0P) [Debug] 1 [PackageName] WindowsEditor [ProjectName] Editor" joined alternative multi-casting on [225.0.0.222:34997]...

[Physics::Module] Initialized MultithreadedJobDispatcher with 19 workers.
Refreshing native plugins compatible for Editor in 82.08 ms, found 1 plugins.
Preloading 0 native plugins for Editor in 0.00 ms.
Initialize engine version: 2022.3.12f1 (4fe6e059c7ef)
[Subsystems] Discovering subsystems at path C:/Program Files/Unity/Hub/Editor/2022.3.12f1/Editor/Data/Resources/UnitySubsystems
[Subsystems] Discovering subsystems at path C:/Users/vlado/Documents/GitHub/Project1/Assets/Assets
GfxDevice: creating device client; threaded=0; jobified=0
Direct3D:
    Version:  Direct3D 11.0 [level 11.1]
    Renderer: NVIDIA GeForce RTX 3060 Laptop GPU (ID=0x2560)
    Vendor:   NVIDIA
    VRAM:     6010 MB
    Driver:   31.0.15.4601
Initialize mono
Mono path[0] = 'C:/Program Files/Unity/Hub/Editor/2022.3.12f1/Editor/Data/Managed'
Mono path[1] = 'C:/Program Files/Unity/Hub/Editor/2022.3.12f1/Editor/Data/MonoBleedingEdge/lib/mono/unityjit-win32'
Mono config path = 'C:/Program Files/Unity/Hub/Editor/2022.3.12f1/Editor/Data/MonoBleedingEdge/etc'
Using monoOptions --debugger-agent=transport=dt_socket,embedding=1,server=y,suspend=n,address=127.0.0.1:56864
Begin MonoManager ReloadAssembly
Registering precompiled unity dll's ...
Register platform support module: C:/Program Files/Unity/Hub/Editor/2022.3.12f1/Editor/Data/PlaybackEngines/WebGLSupport/UnityEditor.WebGL.Extensions.dll
Register platform support module: C:/Program Files/Unity/Hub/Editor/2022.3.12f1/Editor/Data/PlaybackEngines/WindowsStandaloneSupport/UnityEditor.WindowsStandalone.Extensions.dll
Registered in 0.376536 seconds.
- Loaded All Assemblies, in 11.400 seconds
Native extension for WindowsStandalone target not found
Native extension for WebGL target not found
Mono: successfully reloaded assembly
- Finished resetting the current domain, in  0.270 seconds
Domain Reload Profiling: 11670ms
	BeginReloadAssembly (8354ms)
		ExecutionOrderSort (0ms)
		DisableScriptedObjects (0ms)
		BackupInstance (0ms)
		ReleaseScriptingObjects (0ms)
		CreateAndSetChildDomain (1ms)
	RebuildCommonClasses (762ms)
	RebuildNativeTypeToScriptingClass (13ms)
	initialDomainReloadingComplete (431ms)
	LoadAllAssembliesAndSetupDomain (1839ms)
		LoadAssemblies (8351ms)
		RebuildTransferFunctionScriptingTraits (0ms)
		AnalyzeDomain (1837ms)
			TypeCache.Refresh (1836ms)
				TypeCache.ScanAssembly (1392ms)
			ScanForSourceGeneratedMonoScriptInfo (0ms)
			ResolveRequiredComponents (0ms)
	FinalizeReload (271ms)
		ReleaseScriptCaches (0ms)
		RebuildScriptCaches (0ms)
		SetupLoadedEditorAssemblies (207ms)
			LogAssemblyErrors (0ms)
			InitializePlatformSupportModulesInManaged (8ms)
			SetLoadedEditorAssemblies (7ms)
			RefreshPlugins (0ms)
			BeforeProcessingInitializeOnLoad (2ms)
			ProcessInitializeOnLoadAttributes (118ms)
			ProcessInitializeOnLoadMethodAttributes (72ms)
			AfterProcessingInitializeOnLoad (0ms)
			EditorAssembliesLoaded (0ms)
		ExecutionOrderSort2 (0ms)
		AwakeInstancesAfterBackupRestoration (0ms)
========================================================================
Worker process is ready to serve import requests
Begin MonoManager ReloadAssembly
Unloading broken assembly Library/ScriptAssemblies/Unity.Formats.Fbx.Editor.dll, this assembly can cause crashes in the runtime
- Loaded All Assemblies, in  2.434 seconds
Refreshing native plugins compatible for Editor in 0.53 ms, found 1 plugins.
Native extension for WindowsStandalone target not found
Native extension for WebGL target not found
Mono: successfully reloaded assembly
- Finished resetting the current domain, in  0.329 seconds
Domain Reload Profiling: 2762ms
	BeginReloadAssembly (158ms)
		ExecutionOrderSort (0ms)
		DisableScriptedObjects (7ms)
		BackupInstance (0ms)
		ReleaseScriptingObjects (0ms)
		CreateAndSetChildDomain (27ms)
	RebuildCommonClasses (37ms)
	RebuildNativeTypeToScriptingClass (8ms)
	initialDomainReloadingComplete (20ms)
	LoadAllAssembliesAndSetupDomain (2211ms)
		LoadAssemblies (2271ms)
		RebuildTransferFunctionScriptingTraits (0ms)
		AnalyzeDomain (30ms)
			TypeCache.Refresh (24ms)
				TypeCache.ScanAssembly (17ms)
			ScanForSourceGeneratedMonoScriptInfo (4ms)
			ResolveRequiredComponents (1ms)
	FinalizeReload (329ms)
		ReleaseScriptCaches (0ms)
		RebuildScriptCaches (0ms)
		SetupLoadedEditorAssemblies (206ms)
			LogAssemblyErrors (0ms)
			InitializePlatformSupportModulesInManaged (7ms)
			SetLoadedEditorAssemblies (4ms)
			RefreshPlugins (0ms)
			BeforeProcessingInitializeOnLoad (41ms)
			ProcessInitializeOnLoadAttributes (128ms)
			ProcessInitializeOnLoadMethodAttributes (20ms)
			AfterProcessingInitializeOnLoad (5ms)
			EditorAssembliesLoaded (0ms)
		ExecutionOrderSort2 (0ms)
		AwakeInstancesAfterBackupRestoration (7ms)
database is locked
Failed to delete database file Library/ShaderCache.db
Launched and connected shader compiler UnityShaderCompiler.exe after 0.04 seconds
Refreshing native plugins compatible for Editor in 2.49 ms, found 1 plugins.
Preloading 0 native plugins for Editor in 0.00 ms.
Unloading 1266 Unused Serialized files (Serialized files now loaded: 0)
Unloading 27 unused Assets / (1.4 MB). Loaded Objects now: 1726.
Memory consumption went from 101.6 MB to 100.2 MB.
Total: 4.138800 ms (FindLiveObjects: 0.190300 ms CreateObjectMapping: 0.102900 ms MarkObjects: 3.312500 ms  DeleteObjects: 0.530700 ms)

AssetImportParameters requested are different than current active one (requested -> active):
  custom:video-encoder-webm-vp8: eb34c28f22e8b96e1ab97ce403110664 -> 
  custom:video-decoder-webm-vp8: 9c59270c3fd7afecdb556c50c9e8de78 -> 
  custom:audio-decoder-ogg-vorbis: bf7c407c2cedff20999df2af8eb42d56 -> 
  custom:video-decoder-ogg-theora: a1e56fd34408186e4bbccfd4996cb3dc -> 
  custom:audio-encoder-webm-vorbis: bf7c407c2cedff20999df2af8eb42d56 -> 
  custom:SearchIndexIgnoredProperties: e643bd26f0fe6173181afceb89e7c659 -> 
  custom:container-demuxer-ogg: 62fdf1f143b41e24485cea50d1cbac27 -> 
  custom:AudioImporter_EditorPlatform: d09bf68614088b80899f8185d706f6e7 -> 
  custom:framework-win-MediaFoundation: 216162199b28c13a410421893ffa2e32 -> 
  custom:container-demuxer-webm: 4f35f7cbe854078d1ac9338744f61a02 -> 
  custom:container-muxer-webm: aa71ff27fc2769a1b78a27578f13a17b -> 
  custom:video-codec-MediaFoundation-h265: 746d11721c4dcdbdad8f713fa42b33f4 -> 
========================================================================
Received Prepare
Refreshing native plugins compatible for Editor in 0.63 ms, found 1 plugins.
Preloading 0 native plugins for Editor in 0.00 ms.
Unloading 16 Unused Serialized files (Serialized files now loaded: 0)
Unloading 17 unused Assets / (1.4 MB). Loaded Objects now: 1726.
Memory consumption went from 69.5 MB to 68.1 MB.
Total: 3.601800 ms (FindLiveObjects: 0.163900 ms CreateObjectMapping: 0.084500 ms MarkObjects: 2.871700 ms  DeleteObjects: 0.479100 ms)

Prepare: number of updated asset objects reloaded= 0
AssetImportParameters requested are different than current active one (requested -> active):
  custom:video-encoder-webm-vp8: eb34c28f22e8b96e1ab97ce403110664 -> 
  custom:video-decoder-webm-vp8: 9c59270c3fd7afecdb556c50c9e8de78 -> 
  custom:audio-decoder-ogg-vorbis: bf7c407c2cedff20999df2af8eb42d56 -> 
  custom:video-decoder-ogg-theora: a1e56fd34408186e4bbccfd4996cb3dc -> 
  custom:audio-encoder-webm-vorbis: bf7c407c2cedff20999df2af8eb42d56 -> 
  custom:SearchIndexIgnoredProperties: e643bd26f0fe6173181afceb89e7c659 -> 
  custom:container-demuxer-ogg: 62fdf1f143b41e24485cea50d1cbac27 -> 
  custom:AudioImporter_EditorPlatform: d09bf68614088b80899f8185d706f6e7 -> 
  custom:CustomObjectIndexerAttribute: 756ad292c208cfabdd7b50bc23989ffe -> 
  custom:framework-win-MediaFoundation: 216162199b28c13a410421893ffa2e32 -> 
  custom:container-demuxer-webm: 4f35f7cbe854078d1ac9338744f61a02 -> 
  custom:container-muxer-webm: aa71ff27fc2769a1b78a27578f13a17b -> 
  custom:video-codec-MediaFoundation-h265: 746d11721c4dcdbdad8f713fa42b33f4 -> 
========================================================================
Received Import Request.
  Time since last request: 2059584.520707 seconds.
  path: Assets/polyperfect/Poly Halloween/- Prefabs/Halloween/candle-stick-a-unlit.prefab
  artifactKey: Guid(9f7f26e61591cb8448938b9839f1192e) Importer(815301076,1909f56bfc062723c751e8b465ee728b)
Start importing Assets/polyperfect/Poly Halloween/- Prefabs/Halloween/candle-stick-a-unlit.prefab using Guid(9f7f26e61591cb8448938b9839f1192e) Importer(815301076,1909f56bfc062723c751e8b465ee728b)  -> (artifact id: '91fc66db782dacd841152b2ff201d034') in 0.249852 seconds
Number of updated asset objects reloaded before import = 0
Number of asset objects unloaded after import = 12
========================================================================
Received Import Request.
  Time since last request: 0.000039 seconds.
  path: Assets/polyperfect/Poly Halloween/- Prefabs/Halloween/candle-skull-lit.prefab
  artifactKey: Guid(369456f238c2221498ccdf16df24b160) Importer(815301076,1909f56bfc062723c751e8b465ee728b)
Start importing Assets/polyperfect/Poly Halloween/- Prefabs/Halloween/candle-skull-lit.prefab using Guid(369456f238c2221498ccdf16df24b160) Importer(815301076,1909f56bfc062723c751e8b465ee728b)  -> (artifact id: 'e4809b258e0895d36bf57b231bbc8ed4') in 0.057889 seconds
Number of updated asset objects reloaded before import = 0
Number of asset objects unloaded after import = 12
========================================================================
Received Import Request.
  Time since last request: 0.000030 seconds.
  path: Assets/polyperfect/Poly Halloween/- Prefabs/Halloween/candle-stick-a-lit.prefab
  artifactKey: Guid(f07f0fce7694d274fb027cef0a819442) Importer(815301076,1909f56bfc062723c751e8b465ee728b)
Start importing Assets/polyperfect/Poly Halloween/- Prefabs/Halloween/candle-stick-a-lit.prefab using Guid(f07f0fce7694d274fb027cef0a819442) Importer(815301076,1909f56bfc062723c751e8b465ee728b)  -> (artifact id: '99329b0c5350a22a05c9dddc8f3617c0') in 0.048124 seconds
Number of updated asset objects reloaded before import = 0
Number of asset objects unloaded after import = 12
========================================================================
Received Import Request.
  Time since last request: 0.000015 seconds.
  path: Assets/polyperfect/Poly Halloween/- Prefabs/Halloween/gibbet.prefab
  artifactKey: Guid(9166965b178875f48988f6fc3e2b3ff8) Importer(815301076,1909f56bfc062723c751e8b465ee728b)
Start importing Assets/polyperfect/Poly Halloween/- Prefabs/Halloween/gibbet.prefab using Guid(9166965b178875f48988f6fc3e2b3ff8) Importer(815301076,1909f56bfc062723c751e8b465ee728b)  -> (artifact id: '93b956efc6870d4cfa0b5125f50a2fcc') in 0.052826 seconds
Number of updated asset objects reloaded before import = 0
Number of asset objects unloaded after import = 20
========================================================================
Received Import Request.
  Time since last request: 0.000031 seconds.
  path: Assets/polyperfect/Poly Halloween/- Prefabs/Halloween/candle-stick-b-lit.prefab
  artifactKey: Guid(0e9693ac26dbb2a4db66ef31594e5778) Importer(815301076,1909f56bfc062723c751e8b465ee728b)
Start importing Assets/polyperfect/Poly Halloween/- Prefabs/Halloween/candle-stick-b-lit.prefab using Guid(0e9693ac26dbb2a4db66ef31594e5778) Importer(815301076,1909f56bfc062723c751e8b465ee728b)  -> (artifact id: '181cf3eaf5e7406ba84057db4a456a48') in 0.034349 seconds
Number of updated asset objects reloaded before import = 0
Number of asset objects unloaded after import = 12
========================================================================
Received Import Request.
  Time since last request: 0.000018 seconds.
  path: Assets/polyperfect/Poly Halloween/- Prefabs/Halloween/book-stand-halloween.prefab
  artifactKey: Guid(e0ff17931e0cd604f9658b2ae15aea66) Importer(815301076,1909f56bfc062723c751e8b465ee728b)
Start importing Assets/polyperfect/Poly Halloween/- Prefabs/Halloween/book-stand-halloween.prefab using Guid(e0ff17931e0cd604f9658b2ae15aea66) Importer(815301076,1909f56bfc062723c751e8b465ee728b)  -> (artifact id: '4b4e0bfe2eb13fa84ea187425143d0c3') in 0.033682 seconds
Number of updated asset objects reloaded before import = 0
Number of asset objects unloaded after import = 12
========================================================================
Received Import Request.
  Time since last request: 0.000035 seconds.
  path: Assets/polyperfect/Poly Halloween/- Prefabs/Halloween/hand-severed.prefab
  artifactKey: Guid(7df99659d49e4c946a622409e384e6de) Importer(815301076,1909f56bfc062723c751e8b465ee728b)
Start importing Assets/polyperfect/Poly Halloween/- Prefabs/Halloween/hand-severed.prefab using Guid(7df99659d49e4c946a622409e384e6de) Importer(815301076,1909f56bfc062723c751e8b465ee728b)  -> (artifact id: '1a9b6d0b4ba1dc45e40ce5481c39f5d5') in 0.040466 seconds
Number of updated asset objects reloaded before import = 0
Number of asset objects unloaded after import = 12
========================================================================
Received Import Request.
  Time since last request: 0.000035 seconds.
  path: Assets/polyperfect/Poly Halloween/- Prefabs/Halloween/candle-finger-holder-unlit.prefab
  artifactKey: Guid(a8a6944873c3a3a40ae7156193549f12) Importer(815301076,1909f56bfc062723c751e8b465ee728b)
Start importing Assets/polyperfect/Poly Halloween/- Prefabs/Halloween/candle-finger-holder-unlit.prefab using Guid(a8a6944873c3a3a40ae7156193549f12) Importer(815301076,1909f56bfc062723c751e8b465ee728b)  -> (artifact id: '55d1e42d4ea7541ce6ae32dc1470aa39') in 0.046529 seconds
Number of updated asset objects reloaded before import = 0
Number of asset objects unloaded after import = 12
========================================================================
Received Import Request.
  Time since last request: 9.844945 seconds.
  path: Assets/polyperfect/Poly Halloween/- Prefabs/Halloween/lanterns-on-string-3m.prefab
  artifactKey: Guid(9d511107e9279ba498a7f99b3f32d2ac) Importer(815301076,1909f56bfc062723c751e8b465ee728b)
Start importing Assets/polyperfect/Poly Halloween/- Prefabs/Halloween/lanterns-on-string-3m.prefab using Guid(9d511107e9279ba498a7f99b3f32d2ac) Importer(815301076,1909f56bfc062723c751e8b465ee728b)  -> (artifact id: 'bc811fbb4e3b8ee6a7721ac3559085ad') in 0.059011 seconds
Number of updated asset objects reloaded before import = 0
Number of asset objects unloaded after import = 11
========================================================================
Received Import Request.
  Time since last request: 0.376840 seconds.
  path: Assets/polyperfect/Poly Halloween/- Prefabs/Halloween/mushroom-magical-amanita-mature.prefab
  artifactKey: Guid(a629a3959f8b3c24e90fb06d496c5cd6) Importer(815301076,1909f56bfc062723c751e8b465ee728b)
Start importing Assets/polyperfect/Poly Halloween/- Prefabs/Halloween/mushroom-magical-amanita-mature.prefab using Guid(a629a3959f8b3c24e90fb06d496c5cd6) Importer(815301076,1909f56bfc062723c751e8b465ee728b)  -> (artifact id: '82256405d9b08c230708d58e3608f026') in 0.036258 seconds
Number of updated asset objects reloaded before import = 0
Number of asset objects unloaded after import = 12
========================================================================
Received Import Request.
  Time since last request: 0.000022 seconds.
  path: Assets/polyperfect/Poly Halloween/- Prefabs/Halloween/mushroom-magical-champignon-c.prefab
  artifactKey: Guid(813c4a802d5e4cf48a8c35827d1e21d7) Importer(815301076,1909f56bfc062723c751e8b465ee728b)
Start importing Assets/polyperfect/Poly Halloween/- Prefabs/Halloween/mushroom-magical-champignon-c.prefab using Guid(813c4a802d5e4cf48a8c35827d1e21d7) Importer(815301076,1909f56bfc062723c751e8b465ee728b)  -> (artifact id: 'f3d93e4a939ad308cf73eb5303ee4c7f') in 0.032880 seconds
Number of updated asset objects reloaded before import = 0
Number of asset objects unloaded after import = 12
========================================================================
Received Import Request.
  Time since last request: 0.358802 seconds.
  path: Assets/polyperfect/Poly Halloween/- Prefabs/Halloween/pumpkin-carved-a.prefab
  artifactKey: Guid(94db350adfd5a3d4eb7c62ccad6d22ab) Importer(815301076,1909f56bfc062723c751e8b465ee728b)
Start importing Assets/polyperfect/Poly Halloween/- Prefabs/Halloween/pumpkin-carved-a.prefab using Guid(94db350adfd5a3d4eb7c62ccad6d22ab) Importer(815301076,1909f56bfc062723c751e8b465ee728b)  -> (artifact id: '621d689389bf9352cc4f2658dbca39e1') in 0.026677 seconds
Number of updated asset objects reloaded before import = 0
Number of asset objects unloaded after import = 12
========================================================================
Received Import Request.
  Time since last request: 0.000017 seconds.
  path: Assets/polyperfect/Poly Halloween/- Prefabs/Halloween/pumpkin-carved-lit-b.prefab
  artifactKey: Guid(32a07afdb9244484ea69e3551e9cbd4f) Importer(815301076,1909f56bfc062723c751e8b465ee728b)
Start importing Assets/polyperfect/Poly Halloween/- Prefabs/Halloween/pumpkin-carved-lit-b.prefab using Guid(32a07afdb9244484ea69e3551e9cbd4f) Importer(815301076,1909f56bfc062723c751e8b465ee728b)  -> (artifact id: '4adfa0961dad4f70e93dc2c6d798f5b8') in 0.029618 seconds
Number of updated asset objects reloaded before import = 0
Number of asset objects unloaded after import = 12
========================================================================
Received Import Request.
  Time since last request: 10.603125 seconds.
  path: Assets/polyperfect/Poly Halloween/- Prefabs/Halloween/scarecrow-b.prefab
  artifactKey: Guid(b690cb73b33aed849b8f65e31595dea7) Importer(815301076,1909f56bfc062723c751e8b465ee728b)
Start importing Assets/polyperfect/Poly Halloween/- Prefabs/Halloween/scarecrow-b.prefab using Guid(b690cb73b33aed849b8f65e31595dea7) Importer(815301076,1909f56bfc062723c751e8b465ee728b)  -> (artifact id: '805f75355eec9b6423fc4ce625791c6b') in 0.030749 seconds
Number of updated asset objects reloaded before import = 0
Number of asset objects unloaded after import = 12
========================================================================
Received Import Request.
  Time since last request: 0.000021 seconds.
  path: Assets/polyperfect/Poly Halloween/- Prefabs/Nature/Rocks/stone-f.prefab
  artifactKey: Guid(135cfa328d7fcb14abf14ee831d9d7d2) Importer(815301076,1909f56bfc062723c751e8b465ee728b)
Start importing Assets/polyperfect/Poly Halloween/- Prefabs/Nature/Rocks/stone-f.prefab using Guid(135cfa328d7fcb14abf14ee831d9d7d2) Importer(815301076,1909f56bfc062723c751e8b465ee728b)  -> (artifact id: '6d87b375c982b9647dd161b196ec3db8') in 0.032399 seconds
Number of updated asset objects reloaded before import = 0
Number of asset objects unloaded after import = 12
========================================================================
Received Import Request.
  Time since last request: 0.018932 seconds.
  path: Assets/polyperfect/Poly Halloween/- Prefabs/Halloween/stump-possesed.prefab
  artifactKey: Guid(6d58392d0b7c5a44a82040de4cdf5f68) Importer(815301076,1909f56bfc062723c751e8b465ee728b)
Start importing Assets/polyperfect/Poly Halloween/- Prefabs/Halloween/stump-possesed.prefab using Guid(6d58392d0b7c5a44a82040de4cdf5f68) Importer(815301076,1909f56bfc062723c751e8b465ee728b)  -> (artifact id: 'c6be40e2e6de8380587fe410c857604d') in 0.036474 seconds
Number of updated asset objects reloaded before import = 0
Number of asset objects unloaded after import = 12
========================================================================
Received Import Request.
  Time since last request: 0.018468 seconds.
  path: Assets/polyperfect/Poly Halloween/- Prefabs/Halloween/wall-graveyard-3m-corner.prefab
  artifactKey: Guid(85805862c6f82c341af4aaa9ed189d05) Importer(815301076,1909f56bfc062723c751e8b465ee728b)
Start importing Assets/polyperfect/Poly Halloween/- Prefabs/Halloween/wall-graveyard-3m-corner.prefab using Guid(85805862c6f82c341af4aaa9ed189d05) Importer(815301076,1909f56bfc062723c751e8b465ee728b)  -> (artifact id: '5d7e28476e5189333cd32444d826e7dc') in 0.037414 seconds
Number of updated asset objects reloaded before import = 0
Number of asset objects unloaded after import = 12
========================================================================
Received Import Request.
  Time since last request: 3.473074 seconds.
  path: Assets/WoodsLifestyle/Models/Props/General/Boiler_01.fbx
  artifactKey: Guid(5a168f658266e8b458394ef400fedb35) Importer(815301076,1909f56bfc062723c751e8b465ee728b)
Start importing Assets/WoodsLifestyle/Models/Props/General/Boiler_01.fbx using Guid(5a168f658266e8b458394ef400fedb35) Importer(815301076,1909f56bfc062723c751e8b465ee728b)  -> (artifact id: 'e4018d5a9eb1b1db85effdab4dd35528') in 0.071885 seconds
Number of updated asset objects reloaded before import = 0
Number of asset objects unloaded after import = 9
========================================================================
Received Import Request.
  Time since last request: 0.000019 seconds.
  path: Assets/WoodsLifestyle/Models/Props/Interior/Book_02_c.fbx
  artifactKey: Guid(caa73d5b73dcf994780569c42edc464e) Importer(815301076,1909f56bfc062723c751e8b465ee728b)
Start importing Assets/WoodsLifestyle/Models/Props/Interior/Book_02_c.fbx using Guid(caa73d5b73dcf994780569c42edc464e) Importer(815301076,1909f56bfc062723c751e8b465ee728b)  -> (artifact id: '31c21242e61017f512bf658870317fd8') in 0.028909 seconds
Number of updated asset objects reloaded before import = 0
Number of asset objects unloaded after import = 9
========================================================================
Received Import Request.
  Time since last request: 0.000017 seconds.
  path: Assets/WoodsLifestyle/Models/Props/Interior/Book_01_b.fbx
  artifactKey: Guid(0f8bc0b48eb8be8489ef538907b7a2f2) Importer(815301076,1909f56bfc062723c751e8b465ee728b)
Start importing Assets/WoodsLifestyle/Models/Props/Interior/Book_01_b.fbx using Guid(0f8bc0b48eb8be8489ef538907b7a2f2) Importer(815301076,1909f56bfc062723c751e8b465ee728b)  -> (artifact id: '2f7e8813ad89266d9fa78da9af7777bd') in 0.027770 seconds
Number of updated asset objects reloaded before import = 0
Number of asset objects unloaded after import = 9
========================================================================
Received Import Request.
  Time since last request: 0.000231 seconds.
  path: Assets/WoodsLifestyle/Models/Props/Interior/BookOpen_01_b.fbx
  artifactKey: Guid(07d3790148a41e146b1d676151ef44ed) Importer(815301076,1909f56bfc062723c751e8b465ee728b)
Start importing Assets/WoodsLifestyle/Models/Props/Interior/BookOpen_01_b.fbx using Guid(07d3790148a41e146b1d676151ef44ed) Importer(815301076,1909f56bfc062723c751e8b465ee728b)  -> (artifact id: 'e7792d43384753a78853d2a444f05ee8') in 0.025836 seconds
Number of updated asset objects reloaded before import = 0
Number of asset objects unloaded after import = 9
========================================================================
Received Import Request.
  Time since last request: 0.000014 seconds.
  path: Assets/WoodsLifestyle/Models/Props/General/BucketWater.fbx
  artifactKey: Guid(45db1777ed5336d4d9f7626eefeffcdf) Importer(815301076,1909f56bfc062723c751e8b465ee728b)
Start importing Assets/WoodsLifestyle/Models/Props/General/BucketWater.fbx using Guid(45db1777ed5336d4d9f7626eefeffcdf) Importer(815301076,1909f56bfc062723c751e8b465ee728b)  -> (artifact id: 'de6eb1e7cf7da94795d995d9150ce8ed') in 0.044769 seconds
Number of updated asset objects reloaded before import = 0
Number of asset objects unloaded after import = 9
========================================================================
Received Import Request.
  Time since last request: 1.082896 seconds.
  path: Assets/WoodsLifestyle/Models/Props/Interior/Candle_02_b.fbx
  artifactKey: Guid(0251b50cfad7858429a27ea4d41e5433) Importer(815301076,1909f56bfc062723c751e8b465ee728b)
Start importing Assets/WoodsLifestyle/Models/Props/Interior/Candle_02_b.fbx using Guid(0251b50cfad7858429a27ea4d41e5433) Importer(815301076,1909f56bfc062723c751e8b465ee728b)  -> (artifact id: 'db69262209252a5052a0f62bdb88a585') in 0.021144 seconds
Number of updated asset objects reloaded before import = 0
Number of asset objects unloaded after import = 9
========================================================================
Received Import Request.
  Time since last request: 0.815732 seconds.
  path: Assets/WoodsLifestyle/Models/Logs_Wood/FireWood_02.fbx
  artifactKey: Guid(9372c40f313d201479aedce65bcf2332) Importer(815301076,1909f56bfc062723c751e8b465ee728b)
Start importing Assets/WoodsLifestyle/Models/Logs_Wood/FireWood_02.fbx using Guid(9372c40f313d201479aedce65bcf2332) Importer(815301076,1909f56bfc062723c751e8b465ee728b)  -> (artifact id: '34dd6c87fb91fe686afda6d230e98e4c') in 0.023877 seconds
Number of updated asset objects reloaded before import = 0
Number of asset objects unloaded after import = 9
========================================================================
Received Import Request.
  Time since last request: 0.503864 seconds.
  path: Assets/WoodsLifestyle/Models/Props/Interior/Lamp_01_c.fbx
  artifactKey: Guid(bec491f39dddce846aaeca808e9c6bc8) Importer(815301076,1909f56bfc062723c751e8b465ee728b)
Start importing Assets/WoodsLifestyle/Models/Props/Interior/Lamp_01_c.fbx using Guid(bec491f39dddce846aaeca808e9c6bc8) Importer(815301076,1909f56bfc062723c751e8b465ee728b)  -> (artifact id: 'd5ea551c2af03a21884673baa7952c2b') in 0.025420 seconds
Number of updated asset objects reloaded before import = 0
Number of asset objects unloaded after import = 9
========================================================================
Received Import Request.
  Time since last request: 0.372233 seconds.
  path: Assets/WoodsLifestyle/Models/Logs_Wood/LogHeap_01_b.fbx
  artifactKey: Guid(b69b231b6ce3a37418c87345ba8cee59) Importer(815301076,1909f56bfc062723c751e8b465ee728b)
Start importing Assets/WoodsLifestyle/Models/Logs_Wood/LogHeap_01_b.fbx using Guid(b69b231b6ce3a37418c87345ba8cee59) Importer(815301076,1909f56bfc062723c751e8b465ee728b)  -> (artifact id: 'c2d5c588ade5aa79e6d6d0e9eea30ed9') in 0.029770 seconds
Number of updated asset objects reloaded before import = 0
Number of asset objects unloaded after import = 9
========================================================================
Received Import Request.
  Time since last request: 1.510280 seconds.
  path: Assets/WoodsLifestyle/Models/Rocks/Rock_01_d.fbx
  artifactKey: Guid(d1a962341e285304da40781019afaa9d) Importer(815301076,1909f56bfc062723c751e8b465ee728b)
Start importing Assets/WoodsLifestyle/Models/Rocks/Rock_01_d.fbx using Guid(d1a962341e285304da40781019afaa9d) Importer(815301076,1909f56bfc062723c751e8b465ee728b)  -> (artifact id: 'd1ae94100896b7b4f2290394eede0e9e') in 0.039807 seconds
Number of updated asset objects reloaded before import = 0
Number of asset objects unloaded after import = 9
========================================================================
Received Import Request.
  Time since last request: 0.044697 seconds.
  path: Assets/WoodsLifestyle/Models/Rocks/Rock_02_c.fbx
  artifactKey: Guid(62c344ec0aeeda348a453e242f824a66) Importer(815301076,1909f56bfc062723c751e8b465ee728b)
Start importing Assets/WoodsLifestyle/Models/Rocks/Rock_02_c.fbx using Guid(62c344ec0aeeda348a453e242f824a66) Importer(815301076,1909f56bfc062723c751e8b465ee728b)  -> (artifact id: '2c721ed87ed76bde4900f8bd38d25254') in 0.022338 seconds
Number of updated asset objects reloaded before import = 0
Number of asset objects unloaded after import = 9
========================================================================
Received Import Request.
  Time since last request: 0.347518 seconds.
  path: Assets/WoodsLifestyle/Models/Rocks/RockBarrier_02_a.fbx
  artifactKey: Guid(68f5029bea9fb1844a923c10a35f50a9) Importer(815301076,1909f56bfc062723c751e8b465ee728b)
Start importing Assets/WoodsLifestyle/Models/Rocks/RockBarrier_02_a.fbx using Guid(68f5029bea9fb1844a923c10a35f50a9) Importer(815301076,1909f56bfc062723c751e8b465ee728b)  -> (artifact id: '0c8d94fa15f8b61064a58ebc2ee4e676') in 0.024196 seconds
Number of updated asset objects reloaded before import = 0
Number of asset objects unloaded after import = 9
========================================================================
Received Import Request.
  Time since last request: 0.405595 seconds.
  path: Assets/WoodsLifestyle/Models/Props/Exterior/SignPost_02_a.fbx
  artifactKey: Guid(6f21fc9386970604d92c17ef749e685b) Importer(815301076,1909f56bfc062723c751e8b465ee728b)
Start importing Assets/WoodsLifestyle/Models/Props/Exterior/SignPost_02_a.fbx using Guid(6f21fc9386970604d92c17ef749e685b) Importer(815301076,1909f56bfc062723c751e8b465ee728b)  -> (artifact id: '2df1a7fd23ad86d4df0027f77c29eeda') in 0.023478 seconds
Number of updated asset objects reloaded before import = 0
Number of asset objects unloaded after import = 9
========================================================================
Received Import Request.
  Time since last request: 0.522733 seconds.
  path: Assets/WoodsLifestyle/Models/Props/WaterTowers/Tower_01.fbx
  artifactKey: Guid(afceab1db8256044b961e2acbedc9134) Importer(815301076,1909f56bfc062723c751e8b465ee728b)
Start importing Assets/WoodsLifestyle/Models/Props/WaterTowers/Tower_01.fbx using Guid(afceab1db8256044b961e2acbedc9134) Importer(815301076,1909f56bfc062723c751e8b465ee728b)  -> (artifact id: 'd89169b38071194cfb08e45410ee882b') in 0.021326 seconds
Number of updated asset objects reloaded before import = 0
Number of asset objects unloaded after import = 9
========================================================================
Received Import Request.
  Time since last request: 0.899688 seconds.
  path: Assets/WoodsLifestyle/Models/Props/Furniture/WallShelf_01.fbx
  artifactKey: Guid(180b77fcbe0383540a9ff71008143542) Importer(815301076,1909f56bfc062723c751e8b465ee728b)
Start importing Assets/WoodsLifestyle/Models/Props/Furniture/WallShelf_01.fbx using Guid(180b77fcbe0383540a9ff71008143542) Importer(815301076,1909f56bfc062723c751e8b465ee728b)  -> (artifact id: '1a06599603959b1127ddc79a12cef591') in 0.024327 seconds
Number of updated asset objects reloaded before import = 0
Number of asset objects unloaded after import = 9
========================================================================
Received Import Request.
  Time since last request: 0.000228 seconds.
  path: Assets/WoodsLifestyle/Models/Props/WaterTowers/WaterTenkPlatform_01.fbx
  artifactKey: Guid(43382cd0cef5bd049bbe2a02b8fea5f3) Importer(815301076,1909f56bfc062723c751e8b465ee728b)
Start importing Assets/WoodsLifestyle/Models/Props/WaterTowers/WaterTenkPlatform_01.fbx using Guid(43382cd0cef5bd049bbe2a02b8fea5f3) Importer(815301076,1909f56bfc062723c751e8b465ee728b)  -> (artifact id: '79a3f8c4ea5fd7da8c61b8eea088cf03') in 0.021458 seconds
Number of updated asset objects reloaded before import = 0
Number of asset objects unloaded after import = 9
========================================================================
Received Import Request.
  Time since last request: 1925.327448 seconds.
  path: Assets/polyperfect/Poly Halloween/- Textures/Universal/atlas-emission-night-a.png
  artifactKey: Guid(3d3361805c7d1d847b8bcd82b59f0a2e) Importer(815301076,1909f56bfc062723c751e8b465ee728b)
Start importing Assets/polyperfect/Poly Halloween/- Textures/Universal/atlas-emission-night-a.png using Guid(3d3361805c7d1d847b8bcd82b59f0a2e) Importer(815301076,1909f56bfc062723c751e8b465ee728b)  -> (artifact id: '66654de7c7d866ce105583f570a6b9b8') in 0.034516 seconds
Number of updated asset objects reloaded before import = 0
Number of asset objects unloaded after import = 2
========================================================================
Received Import Request.
  Time since last request: 0.493832 seconds.
  path: Assets/polyperfect/Poly Halloween/- Textures/Universal/atlas-smoothness.png
  artifactKey: Guid(9a199780913600a478fee95d35674271) Importer(815301076,1909f56bfc062723c751e8b465ee728b)
Start importing Assets/polyperfect/Poly Halloween/- Textures/Universal/atlas-smoothness.png using Guid(9a199780913600a478fee95d35674271) Importer(815301076,1909f56bfc062723c751e8b465ee728b)  -> (artifact id: '10006e79b10989f286e92e9e506c87f5') in 0.018052 seconds
Number of updated asset objects reloaded before import = 0
Number of asset objects unloaded after import = 2
========================================================================
Received Import Request.
  Time since last request: 0.301255 seconds.
  path: Assets/polyperfect/Poly Halloween/- Textures/Universal/atlas-universal-albedo-a.png
  artifactKey: Guid(67add9ef0e23b384292439e0e6ea3dd9) Importer(815301076,1909f56bfc062723c751e8b465ee728b)
Start importing Assets/polyperfect/Poly Halloween/- Textures/Universal/atlas-universal-albedo-a.png using Guid(67add9ef0e23b384292439e0e6ea3dd9) Importer(815301076,1909f56bfc062723c751e8b465ee728b)  -> (artifact id: 'efd198e01502a91eb8a5cf5028881b27') in 0.029322 seconds
Number of updated asset objects reloaded before import = 0
Number of asset objects unloaded after import = 2
========================================================================
Received Import Request.
  Time since last request: 2.310853 seconds.
  path: Assets/polyperfect/Poly Halloween/- Textures/Nature/rock-ao.png
  artifactKey: Guid(2a791edb0bb21864eba0b6be58c3152f) Importer(815301076,1909f56bfc062723c751e8b465ee728b)
Start importing Assets/polyperfect/Poly Halloween/- Textures/Nature/rock-ao.png using Guid(2a791edb0bb21864eba0b6be58c3152f) Importer(815301076,1909f56bfc062723c751e8b465ee728b)  -> (artifact id: '2c95ae2d385df6c8895d2803f8bbf05b') in 0.021543 seconds
Number of updated asset objects reloaded before import = 0
Number of asset objects unloaded after import = 2
========================================================================
Received Import Request.
  Time since last request: 0.417212 seconds.
  path: Assets/polyperfect/Poly Halloween/- Textures/Nature/rock-norm.png
  artifactKey: Guid(4cbf06d4165475941aacbacdf3107599) Importer(815301076,1909f56bfc062723c751e8b465ee728b)
Start importing Assets/polyperfect/Poly Halloween/- Textures/Nature/rock-norm.png using Guid(4cbf06d4165475941aacbacdf3107599) Importer(815301076,1909f56bfc062723c751e8b465ee728b)  -> (artifact id: '46610ceea29854b4a659965e9ddbed52') in 0.033560 seconds
Number of updated asset objects reloaded before import = 0
Number of asset objects unloaded after import = 2
========================================================================
Received Import Request.
  Time since last request: 136.554547 seconds.
  path: Packages/com.unity.probuilder/Content/Resources/Materials/StandardVertexColorHDRP.mat
  artifactKey: Guid(c35693c079f3840f7938a4a323096e84) Importer(815301076,1909f56bfc062723c751e8b465ee728b)
Start importing Packages/com.unity.probuilder/Content/Resources/Materials/StandardVertexColorHDRP.mat using Guid(c35693c079f3840f7938a4a323096e84) Importer(815301076,1909f56bfc062723c751e8b465ee728b)  -> (artifact id: 'e0e7cc82a75fe8d4775e9168fe7360a8') in 0.039235 seconds
Number of updated asset objects reloaded before import = 0
Number of asset objects unloaded after import = 2
========================================================================
Received Import Request.
  Time since last request: 0.004281 seconds.
  path: Packages/com.unity.probuilder/Content/Resources/Materials/Trigger.mat
  artifactKey: Guid(a1e97cbf2538241b691aae8243b5fb10) Importer(815301076,1909f56bfc062723c751e8b465ee728b)
Start importing Packages/com.unity.probuilder/Content/Resources/Materials/Trigger.mat using Guid(a1e97cbf2538241b691aae8243b5fb10) Importer(815301076,1909f56bfc062723c751e8b465ee728b)  -> (artifact id: 'f7d2b21c9d1ed624117a4bab9a480ede') in 0.043820 seconds
Number of updated asset objects reloaded before import = 0
Number of asset objects unloaded after import = 2
========================================================================
Received Import Request.
  Time since last request: 0.000018 seconds.
  path: Assets/polyperfect/Poly Halloween/- Materials/universal-glass-night.mat
  artifactKey: Guid(67ebe340f97be354c98766c2265fb834) Importer(815301076,1909f56bfc062723c751e8b465ee728b)
Start importing Assets/polyperfect/Poly Halloween/- Materials/universal-glass-night.mat using Guid(67ebe340f97be354c98766c2265fb834) Importer(815301076,1909f56bfc062723c751e8b465ee728b)  -> (artifact id: 'a6b356b60df352fbc7eb233d26af4548') in 0.062735 seconds
Number of updated asset objects reloaded before import = 0
Number of asset objects unloaded after import = 4
Editor requested this worker to shutdown with reason: Scaling down because of idle timeout
TcpMessagingSession - receive error
AssetImportWorkerClient::OnTransportError - code=2 error=End of file
AssetImportWorker is now disconnected from the server
Process exiting
Exiting without the bug reporter. Application will terminate with return code 0